Cycle : PC  : Mem   : ACC C LINK : Mnemonic Operand
---------------------------------------------------
    0 : 100 : 88 12 : 00  0 0    : lda.i    012
    1 : 102 : c0 11 : 12  0 0    : sta      011
    2 : 104 : 88 09 : 12  0 0    : lda.i    009
    3 : 106 : c0 08 : 09  0 0    : sta      008
    4 : 108 : 88 00 : 09  0 0    : lda.i    000
    5 : 10a : c0 00 : 00  0 0    : sta      000
    6 : 10c : c0 01 : 00  0 0    : sta      001
    7 : 10e : c0 03 : 00  0 0    : sta      003
    8 : 110 : 88 01 : 00  0 0    : lda.i    001
    9 : 112 : c0 02 : 01  0 0    : sta      002
   10 : 114 : 40 11 : 01  0 0    : sta.p    011
   11 : 116 : 80 ff : 01  0 0    : and.i    0ff
   12 : 118 : 08 11 : 01  0 0    : lda      011
   13 : 11a : 98 01 : 12  0 0    : add.i    001
   14 : 11c : c0 11 : 13  0 0    : sta      011
   15 : 11e : 88 00 : 13  0 0    : lda.i    000
   16 : 120 : 40 11 : 00  0 0    : sta.p    011
   17 : 122 : 80 ff : 00  0 0    : and.i    0ff
   18 : 124 : 08 11 : 00  0 0    : lda      011
   19 : 126 : 98 01 : 13  0 0    : add.i    001
   20 : 128 : c0 11 : 14  0 0    : sta      011
   21 : 12a : 88 e9 : 14  0 0    : lda.i    0e9
   22 : 12c : c0 07 : e9  0 0    : sta      007
   23 : 12e : e1 3e : e9  0 0    : jsr      13e
   24 : 13e : 40 08 : 30  1 1    : sta.p    008
   25 : 140 : f0 00 : 30  1 1    : lxa      000
   26 : 142 : c0 06 : 01  0 0    : sta      006
   27 : 144 : 80 ff : 01  0 0    : and.i    0ff
   28 : 146 : 08 08 : 01  0 0    : lda      008
   29 : 148 : 98 01 : 09  0 0    : add.i    001
   30 : 14a : c0 08 : 0a  0 0    : sta      008
   31 : 14c : 08 06 : 0a  0 0    : lda      006
   32 : 14e : 40 08 : 01  0 0    : sta.p    008
   33 : 150 : 80 ff : 01  0 0    : and.i    0ff
   34 : 152 : 08 08 : 01  0 0    : lda      008
   35 : 154 : 98 01 : 0a  0 0    : add.i    001
   36 : 156 : c0 08 : 0b  0 0    : sta      008
   37 : 158 : 80 ff : 0b  0 0    : and.i    0ff
   38 : 15a : 08 00 : 0b  0 0    : lda      000
   39 : 15c : 18 02 : 00  0 0    : add      002
   40 : 15e : c0 04 : 01  0 0    : sta      004
   41 : 160 : 08 01 : 01  0 0    : lda      001
   42 : 162 : 18 03 : 00  0 0    : add      003
   43 : 164 : c0 05 : 00  0 0    : sta      005
   44 : 166 : 08 04 : 00  0 0    : lda      004
   45 : 168 : 40 11 : 01  0 0    : sta.p    011
   46 : 16a : 80 ff : 01  0 0    : and.i    0ff
   47 : 16c : 08 11 : 01  0 0    : lda      011
   48 : 16e : 98 01 : 14  0 0    : add.i    001
   49 : 170 : c0 11 : 15  0 0    : sta      011
   50 : 172 : 08 05 : 15  0 0    : lda      005
   51 : 174 : 40 11 : 00  0 0    : sta.p    011
   52 : 176 : 80 ff : 00  0 0    : and.i    0ff
   53 : 178 : 08 11 : 00  0 0    : lda      011
   54 : 17a : 98 01 : 15  0 0    : add.i    001
   55 : 17c : c0 11 : 16  0 0    : sta      011
   56 : 17e : 08 02 : 16  0 0    : lda      002
   57 : 180 : c0 00 : 01  0 0    : sta      000
   58 : 182 : 08 03 : 01  0 0    : lda      003
   59 : 184 : c0 01 : 00  0 0    : sta      001
   60 : 186 : 08 04 : 00  0 0    : lda      004
   61 : 188 : c0 02 : 01  0 0    : sta      002
   62 : 18a : 08 05 : 01  0 0    : lda      005
   63 : 18c : c0 03 : 00  0 0    : sta      003
   64 : 18e : 88 01 : 00  0 0    : lda.i    001
   65 : 190 : f0 00 : 01  0 0    : lxa      000
   66 : 192 : 08 08 : 00  1 1    : lda      008
   67 : 194 : 9f fe : 0b  1 1    : add.i    7fe
   68 : 196 : c0 08 : 0a  1 1    : sta      008
   69 : 198 : 48 08 : 0a  1 1    : lda.p    008
   70 : 19a : c0 06 : 01  1 1    : sta      006
   71 : 19c : 88 01 : 01  1 1    : lda.i    001
   72 : 19e : f0 00 : 01  1 1    : lxa      000
   73 : 1a0 : 08 08 : 01  1 1    : lda      008
   74 : 1a2 : 9f fe : 0a  1 1    : add.i    7fe
   75 : 1a4 : c0 08 : 09  1 1    : sta      008
   76 : 1a6 : 08 06 : 09  1 1    : lda      006
   77 : 1a8 : f0 00 : 01  1 1    : lxa      000
   78 : 1aa : 48 08 : 01  1 1    : lda.p    008
   79 : 1ac : e8 00 : 30  1 1    : rts      000
   80 : 130 : 80 ff : 30  1 1    : and.i    0ff
   81 : 132 : 08 07 : 30  0 0    : lda      007
   82 : 134 : 98 01 : e9  0 0    : add.i    001
   83 : 136 : c0 07 : ea  0 0    : sta      007
   84 : 138 : d1 3c : ea  0 0    : jpz      13c
   85 : 13a : d9 2e : ea  0 0    : jp       12e
   86 : 12e : e1 3e : ea  0 0    : jsr      13e
   87 : 13e : 40 08 : 30  1 1    : sta.p    008
   88 : 140 : f0 00 : 30  1 1    : lxa      000
   89 : 142 : c0 06 : 01  0 0    : sta      006
   90 : 144 : 80 ff : 01  0 0    : and.i    0ff
   91 : 146 : 08 08 : 01  0 0    : lda      008
   92 : 148 : 98 01 : 09  0 0    : add.i    001
   93 : 14a : c0 08 : 0a  0 0    : sta      008
   94 : 14c : 08 06 : 0a  0 0    : lda      006
   95 : 14e : 40 08 : 01  0 0    : sta.p    008
   96 : 150 : 80 ff : 01  0 0    : and.i    0ff
   97 : 152 : 08 08 : 01  0 0    : lda      008
   98 : 154 : 98 01 : 0a  0 0    : add.i    001
   99 : 156 : c0 08 : 0b  0 0    : sta      008
  100 : 158 : 80 ff : 0b  0 0    : and.i    0ff
  101 : 15a : 08 00 : 0b  0 0    : lda      000
  102 : 15c : 18 02 : 01  0 0    : add      002
  103 : 15e : c0 04 : 02  0 0    : sta      004
  104 : 160 : 08 01 : 02  0 0    : lda      001
  105 : 162 : 18 03 : 00  0 0    : add      003
  106 : 164 : c0 05 : 00  0 0    : sta      005
  107 : 166 : 08 04 : 00  0 0    : lda      004
  108 : 168 : 40 11 : 02  0 0    : sta.p    011
  109 : 16a : 80 ff : 02  0 0    : and.i    0ff
  110 : 16c : 08 11 : 02  0 0    : lda      011
  111 : 16e : 98 01 : 16  0 0    : add.i    001
  112 : 170 : c0 11 : 17  0 0    : sta      011
  113 : 172 : 08 05 : 17  0 0    : lda      005
  114 : 174 : 40 11 : 00  0 0    : sta.p    011
  115 : 176 : 80 ff : 00  0 0    : and.i    0ff
  116 : 178 : 08 11 : 00  0 0    : lda      011
  117 : 17a : 98 01 : 17  0 0    : add.i    001
  118 : 17c : c0 11 : 18  0 0    : sta      011
  119 : 17e : 08 02 : 18  0 0    : lda      002
  120 : 180 : c0 00 : 01  0 0    : sta      000
  121 : 182 : 08 03 : 01  0 0    : lda      003
  122 : 184 : c0 01 : 00  0 0    : sta      001
  123 : 186 : 08 04 : 00  0 0    : lda      004
  124 : 188 : c0 02 : 02  0 0    : sta      002
  125 : 18a : 08 05 : 02  0 0    : lda      005
  126 : 18c : c0 03 : 00  0 0    : sta      003
  127 : 18e : 88 01 : 00  0 0    : lda.i    001
  128 : 190 : f0 00 : 01  0 0    : lxa      000
  129 : 192 : 08 08 : 00  1 1    : lda      008
  130 : 194 : 9f fe : 0b  1 1    : add.i    7fe
  131 : 196 : c0 08 : 0a  1 1    : sta      008
  132 : 198 : 48 08 : 0a  1 1    : lda.p    008
  133 : 19a : c0 06 : 01  1 1    : sta      006
  134 : 19c : 88 01 : 01  1 1    : lda.i    001
  135 : 19e : f0 00 : 01  1 1    : lxa      000
  136 : 1a0 : 08 08 : 01  1 1    : lda      008
  137 : 1a2 : 9f fe : 0a  1 1    : add.i    7fe
  138 : 1a4 : c0 08 : 09  1 1    : sta      008
  139 : 1a6 : 08 06 : 09  1 1    : lda      006
  140 : 1a8 : f0 00 : 01  1 1    : lxa      000
  141 : 1aa : 48 08 : 01  1 1    : lda.p    008
  142 : 1ac : e8 00 : 30  1 1    : rts      000
  143 : 130 : 80 ff : 30  1 1    : and.i    0ff
  144 : 132 : 08 07 : 30  0 0    : lda      007
  145 : 134 : 98 01 : ea  0 0    : add.i    001
  146 : 136 : c0 07 : eb  0 0    : sta      007
  147 : 138 : d1 3c : eb  0 0    : jpz      13c
  148 : 13a : d9 2e : eb  0 0    : jp       12e
  149 : 12e : e1 3e : eb  0 0    : jsr      13e
  150 : 13e : 40 08 : 30  1 1    : sta.p    008
  151 : 140 : f0 00 : 30  1 1    : lxa      000
  152 : 142 : c0 06 : 01  0 0    : sta      006
  153 : 144 : 80 ff : 01  0 0    : and.i    0ff
  154 : 146 : 08 08 : 01  0 0    : lda      008
  155 : 148 : 98 01 : 09  0 0    : add.i    001
  156 : 14a : c0 08 : 0a  0 0    : sta      008
  157 : 14c : 08 06 : 0a  0 0    : lda      006
  158 : 14e : 40 08 : 01  0 0    : sta.p    008
  159 : 150 : 80 ff : 01  0 0    : and.i    0ff
  160 : 152 : 08 08 : 01  0 0    : lda      008
  161 : 154 : 98 01 : 0a  0 0    : add.i    001
  162 : 156 : c0 08 : 0b  0 0    : sta      008
  163 : 158 : 80 ff : 0b  0 0    : and.i    0ff
  164 : 15a : 08 00 : 0b  0 0    : lda      000
  165 : 15c : 18 02 : 01  0 0    : add      002
  166 : 15e : c0 04 : 03  0 0    : sta      004
  167 : 160 : 08 01 : 03  0 0    : lda      001
  168 : 162 : 18 03 : 00  0 0    : add      003
  169 : 164 : c0 05 : 00  0 0    : sta      005
  170 : 166 : 08 04 : 00  0 0    : lda      004
  171 : 168 : 40 11 : 03  0 0    : sta.p    011
  172 : 16a : 80 ff : 03  0 0    : and.i    0ff
  173 : 16c : 08 11 : 03  0 0    : lda      011
  174 : 16e : 98 01 : 18  0 0    : add.i    001
  175 : 170 : c0 11 : 19  0 0    : sta      011
  176 : 172 : 08 05 : 19  0 0    : lda      005
  177 : 174 : 40 11 : 00  0 0    : sta.p    011
  178 : 176 : 80 ff : 00  0 0    : and.i    0ff
  179 : 178 : 08 11 : 00  0 0    : lda      011
  180 : 17a : 98 01 : 19  0 0    : add.i    001
  181 : 17c : c0 11 : 1a  0 0    : sta      011
  182 : 17e : 08 02 : 1a  0 0    : lda      002
  183 : 180 : c0 00 : 02  0 0    : sta      000
  184 : 182 : 08 03 : 02  0 0    : lda      003
  185 : 184 : c0 01 : 00  0 0    : sta      001
  186 : 186 : 08 04 : 00  0 0    : lda      004
  187 : 188 : c0 02 : 03  0 0    : sta      002
  188 : 18a : 08 05 : 03  0 0    : lda      005
  189 : 18c : c0 03 : 00  0 0    : sta      003
  190 : 18e : 88 01 : 00  0 0    : lda.i    001
  191 : 190 : f0 00 : 01  0 0    : lxa      000
  192 : 192 : 08 08 : 00  1 1    : lda      008
  193 : 194 : 9f fe : 0b  1 1    : add.i    7fe
  194 : 196 : c0 08 : 0a  1 1    : sta      008
  195 : 198 : 48 08 : 0a  1 1    : lda.p    008
  196 : 19a : c0 06 : 01  1 1    : sta      006
  197 : 19c : 88 01 : 01  1 1    : lda.i    001
  198 : 19e : f0 00 : 01  1 1    : lxa      000
  199 : 1a0 : 08 08 : 01  1 1    : lda      008
  200 : 1a2 : 9f fe : 0a  1 1    : add.i    7fe
  201 : 1a4 : c0 08 : 09  1 1    : sta      008
  202 : 1a6 : 08 06 : 09  1 1    : lda      006
  203 : 1a8 : f0 00 : 01  1 1    : lxa      000
  204 : 1aa : 48 08 : 01  1 1    : lda.p    008
  205 : 1ac : e8 00 : 30  1 1    : rts      000
  206 : 130 : 80 ff : 30  1 1    : and.i    0ff
  207 : 132 : 08 07 : 30  0 0    : lda      007
  208 : 134 : 98 01 : eb  0 0    : add.i    001
  209 : 136 : c0 07 : ec  0 0    : sta      007
  210 : 138 : d1 3c : ec  0 0    : jpz      13c
  211 : 13a : d9 2e : ec  0 0    : jp       12e
  212 : 12e : e1 3e : ec  0 0    : jsr      13e
  213 : 13e : 40 08 : 30  1 1    : sta.p    008
  214 : 140 : f0 00 : 30  1 1    : lxa      000
  215 : 142 : c0 06 : 01  0 0    : sta      006
  216 : 144 : 80 ff : 01  0 0    : and.i    0ff
  217 : 146 : 08 08 : 01  0 0    : lda      008
  218 : 148 : 98 01 : 09  0 0    : add.i    001
  219 : 14a : c0 08 : 0a  0 0    : sta      008
  220 : 14c : 08 06 : 0a  0 0    : lda      006
  221 : 14e : 40 08 : 01  0 0    : sta.p    008
  222 : 150 : 80 ff : 01  0 0    : and.i    0ff
  223 : 152 : 08 08 : 01  0 0    : lda      008
  224 : 154 : 98 01 : 0a  0 0    : add.i    001
  225 : 156 : c0 08 : 0b  0 0    : sta      008
  226 : 158 : 80 ff : 0b  0 0    : and.i    0ff
  227 : 15a : 08 00 : 0b  0 0    : lda      000
  228 : 15c : 18 02 : 02  0 0    : add      002
  229 : 15e : c0 04 : 05  0 0    : sta      004
  230 : 160 : 08 01 : 05  0 0    : lda      001
  231 : 162 : 18 03 : 00  0 0    : add      003
  232 : 164 : c0 05 : 00  0 0    : sta      005
  233 : 166 : 08 04 : 00  0 0    : lda      004
  234 : 168 : 40 11 : 05  0 0    : sta.p    011
  235 : 16a : 80 ff : 05  0 0    : and.i    0ff
  236 : 16c : 08 11 : 05  0 0    : lda      011
  237 : 16e : 98 01 : 1a  0 0    : add.i    001
  238 : 170 : c0 11 : 1b  0 0    : sta      011
  239 : 172 : 08 05 : 1b  0 0    : lda      005
  240 : 174 : 40 11 : 00  0 0    : sta.p    011
  241 : 176 : 80 ff : 00  0 0    : and.i    0ff
  242 : 178 : 08 11 : 00  0 0    : lda      011
  243 : 17a : 98 01 : 1b  0 0    : add.i    001
  244 : 17c : c0 11 : 1c  0 0    : sta      011
  245 : 17e : 08 02 : 1c  0 0    : lda      002
  246 : 180 : c0 00 : 03  0 0    : sta      000
  247 : 182 : 08 03 : 03  0 0    : lda      003
  248 : 184 : c0 01 : 00  0 0    : sta      001
  249 : 186 : 08 04 : 00  0 0    : lda      004
  250 : 188 : c0 02 : 05  0 0    : sta      002
  251 : 18a : 08 05 : 05  0 0    : lda      005
  252 : 18c : c0 03 : 00  0 0    : sta      003
  253 : 18e : 88 01 : 00  0 0    : lda.i    001
  254 : 190 : f0 00 : 01  0 0    : lxa      000
  255 : 192 : 08 08 : 00  1 1    : lda      008
  256 : 194 : 9f fe : 0b  1 1    : add.i    7fe
  257 : 196 : c0 08 : 0a  1 1    : sta      008
  258 : 198 : 48 08 : 0a  1 1    : lda.p    008
  259 : 19a : c0 06 : 01  1 1    : sta      006
  260 : 19c : 88 01 : 01  1 1    : lda.i    001
  261 : 19e : f0 00 : 01  1 1    : lxa      000
  262 : 1a0 : 08 08 : 01  1 1    : lda      008
  263 : 1a2 : 9f fe : 0a  1 1    : add.i    7fe
  264 : 1a4 : c0 08 : 09  1 1    : sta      008
  265 : 1a6 : 08 06 : 09  1 1    : lda      006
  266 : 1a8 : f0 00 : 01  1 1    : lxa      000
  267 : 1aa : 48 08 : 01  1 1    : lda.p    008
  268 : 1ac : e8 00 : 30  1 1    : rts      000
  269 : 130 : 80 ff : 30  1 1    : and.i    0ff
  270 : 132 : 08 07 : 30  0 0    : lda      007
  271 : 134 : 98 01 : ec  0 0    : add.i    001
  272 : 136 : c0 07 : ed  0 0    : sta      007
  273 : 138 : d1 3c : ed  0 0    : jpz      13c
  274 : 13a : d9 2e : ed  0 0    : jp       12e
  275 : 12e : e1 3e : ed  0 0    : jsr      13e
  276 : 13e : 40 08 : 30  1 1    : sta.p    008
  277 : 140 : f0 00 : 30  1 1    : lxa      000
  278 : 142 : c0 06 : 01  0 0    : sta      006
  279 : 144 : 80 ff : 01  0 0    : and.i    0ff
  280 : 146 : 08 08 : 01  0 0    : lda      008
  281 : 148 : 98 01 : 09  0 0    : add.i    001
  282 : 14a : c0 08 : 0a  0 0    : sta      008
  283 : 14c : 08 06 : 0a  0 0    : lda      006
  284 : 14e : 40 08 : 01  0 0    : sta.p    008
  285 : 150 : 80 ff : 01  0 0    : and.i    0ff
  286 : 152 : 08 08 : 01  0 0    : lda      008
  287 : 154 : 98 01 : 0a  0 0    : add.i    001
  288 : 156 : c0 08 : 0b  0 0    : sta      008
  289 : 158 : 80 ff : 0b  0 0    : and.i    0ff
  290 : 15a : 08 00 : 0b  0 0    : lda      000
  291 : 15c : 18 02 : 03  0 0    : add      002
  292 : 15e : c0 04 : 08  0 0    : sta      004
  293 : 160 : 08 01 : 08  0 0    : lda      001
  294 : 162 : 18 03 : 00  0 0    : add      003
  295 : 164 : c0 05 : 00  0 0    : sta      005
  296 : 166 : 08 04 : 00  0 0    : lda      004
  297 : 168 : 40 11 : 08  0 0    : sta.p    011
  298 : 16a : 80 ff : 08  0 0    : and.i    0ff
  299 : 16c : 08 11 : 08  0 0    : lda      011
  300 : 16e : 98 01 : 1c  0 0    : add.i    001
  301 : 170 : c0 11 : 1d  0 0    : sta      011
  302 : 172 : 08 05 : 1d  0 0    : lda      005
  303 : 174 : 40 11 : 00  0 0    : sta.p    011
  304 : 176 : 80 ff : 00  0 0    : and.i    0ff
  305 : 178 : 08 11 : 00  0 0    : lda      011
  306 : 17a : 98 01 : 1d  0 0    : add.i    001
  307 : 17c : c0 11 : 1e  0 0    : sta      011
  308 : 17e : 08 02 : 1e  0 0    : lda      002
  309 : 180 : c0 00 : 05  0 0    : sta      000
  310 : 182 : 08 03 : 05  0 0    : lda      003
  311 : 184 : c0 01 : 00  0 0    : sta      001
  312 : 186 : 08 04 : 00  0 0    : lda      004
  313 : 188 : c0 02 : 08  0 0    : sta      002
  314 : 18a : 08 05 : 08  0 0    : lda      005
  315 : 18c : c0 03 : 00  0 0    : sta      003
  316 : 18e : 88 01 : 00  0 0    : lda.i    001
  317 : 190 : f0 00 : 01  0 0    : lxa      000
  318 : 192 : 08 08 : 00  1 1    : lda      008
  319 : 194 : 9f fe : 0b  1 1    : add.i    7fe
  320 : 196 : c0 08 : 0a  1 1    : sta      008
  321 : 198 : 48 08 : 0a  1 1    : lda.p    008
  322 : 19a : c0 06 : 01  1 1    : sta      006
  323 : 19c : 88 01 : 01  1 1    : lda.i    001
  324 : 19e : f0 00 : 01  1 1    : lxa      000
  325 : 1a0 : 08 08 : 01  1 1    : lda      008
  326 : 1a2 : 9f fe : 0a  1 1    : add.i    7fe
  327 : 1a4 : c0 08 : 09  1 1    : sta      008
  328 : 1a6 : 08 06 : 09  1 1    : lda      006
  329 : 1a8 : f0 00 : 01  1 1    : lxa      000
  330 : 1aa : 48 08 : 01  1 1    : lda.p    008
  331 : 1ac : e8 00 : 30  1 1    : rts      000
  332 : 130 : 80 ff : 30  1 1    : and.i    0ff
  333 : 132 : 08 07 : 30  0 0    : lda      007
  334 : 134 : 98 01 : ed  0 0    : add.i    001
  335 : 136 : c0 07 : ee  0 0    : sta      007
  336 : 138 : d1 3c : ee  0 0    : jpz      13c
  337 : 13a : d9 2e : ee  0 0    : jp       12e
  338 : 12e : e1 3e : ee  0 0    : jsr      13e
  339 : 13e : 40 08 : 30  1 1    : sta.p    008
  340 : 140 : f0 00 : 30  1 1    : lxa      000
  341 : 142 : c0 06 : 01  0 0    : sta      006
  342 : 144 : 80 ff : 01  0 0    : and.i    0ff
  343 : 146 : 08 08 : 01  0 0    : lda      008
  344 : 148 : 98 01 : 09  0 0    : add.i    001
  345 : 14a : c0 08 : 0a  0 0    : sta      008
  346 : 14c : 08 06 : 0a  0 0    : lda      006
  347 : 14e : 40 08 : 01  0 0    : sta.p    008
  348 : 150 : 80 ff : 01  0 0    : and.i    0ff
  349 : 152 : 08 08 : 01  0 0    : lda      008
  350 : 154 : 98 01 : 0a  0 0    : add.i    001
  351 : 156 : c0 08 : 0b  0 0    : sta      008
  352 : 158 : 80 ff : 0b  0 0    : and.i    0ff
  353 : 15a : 08 00 : 0b  0 0    : lda      000
  354 : 15c : 18 02 : 05  0 0    : add      002
  355 : 15e : c0 04 : 0d  0 0    : sta      004
  356 : 160 : 08 01 : 0d  0 0    : lda      001
  357 : 162 : 18 03 : 00  0 0    : add      003
  358 : 164 : c0 05 : 00  0 0    : sta      005
  359 : 166 : 08 04 : 00  0 0    : lda      004
  360 : 168 : 40 11 : 0d  0 0    : sta.p    011
  361 : 16a : 80 ff : 0d  0 0    : and.i    0ff
  362 : 16c : 08 11 : 0d  0 0    : lda      011
  363 : 16e : 98 01 : 1e  0 0    : add.i    001
  364 : 170 : c0 11 : 1f  0 0    : sta      011
  365 : 172 : 08 05 : 1f  0 0    : lda      005
  366 : 174 : 40 11 : 00  0 0    : sta.p    011
  367 : 176 : 80 ff : 00  0 0    : and.i    0ff
  368 : 178 : 08 11 : 00  0 0    : lda      011
  369 : 17a : 98 01 : 1f  0 0    : add.i    001
  370 : 17c : c0 11 : 20  0 0    : sta      011
  371 : 17e : 08 02 : 20  0 0    : lda      002
  372 : 180 : c0 00 : 08  0 0    : sta      000
  373 : 182 : 08 03 : 08  0 0    : lda      003
  374 : 184 : c0 01 : 00  0 0    : sta      001
  375 : 186 : 08 04 : 00  0 0    : lda      004
  376 : 188 : c0 02 : 0d  0 0    : sta      002
  377 : 18a : 08 05 : 0d  0 0    : lda      005
  378 : 18c : c0 03 : 00  0 0    : sta      003
  379 : 18e : 88 01 : 00  0 0    : lda.i    001
  380 : 190 : f0 00 : 01  0 0    : lxa      000
  381 : 192 : 08 08 : 00  1 1    : lda      008
  382 : 194 : 9f fe : 0b  1 1    : add.i    7fe
  383 : 196 : c0 08 : 0a  1 1    : sta      008
  384 : 198 : 48 08 : 0a  1 1    : lda.p    008
  385 : 19a : c0 06 : 01  1 1    : sta      006
  386 : 19c : 88 01 : 01  1 1    : lda.i    001
  387 : 19e : f0 00 : 01  1 1    : lxa      000
  388 : 1a0 : 08 08 : 01  1 1    : lda      008
  389 : 1a2 : 9f fe : 0a  1 1    : add.i    7fe
  390 : 1a4 : c0 08 : 09  1 1    : sta      008
  391 : 1a6 : 08 06 : 09  1 1    : lda      006
  392 : 1a8 : f0 00 : 01  1 1    : lxa      000
  393 : 1aa : 48 08 : 01  1 1    : lda.p    008
  394 : 1ac : e8 00 : 30  1 1    : rts      000
  395 : 130 : 80 ff : 30  1 1    : and.i    0ff
  396 : 132 : 08 07 : 30  0 0    : lda      007
  397 : 134 : 98 01 : ee  0 0    : add.i    001
  398 : 136 : c0 07 : ef  0 0    : sta      007
  399 : 138 : d1 3c : ef  0 0    : jpz      13c
  400 : 13a : d9 2e : ef  0 0    : jp       12e
  401 : 12e : e1 3e : ef  0 0    : jsr      13e
  402 : 13e : 40 08 : 30  1 1    : sta.p    008
  403 : 140 : f0 00 : 30  1 1    : lxa      000
  404 : 142 : c0 06 : 01  0 0    : sta      006
  405 : 144 : 80 ff : 01  0 0    : and.i    0ff
  406 : 146 : 08 08 : 01  0 0    : lda      008
  407 : 148 : 98 01 : 09  0 0    : add.i    001
  408 : 14a : c0 08 : 0a  0 0    : sta      008
  409 : 14c : 08 06 : 0a  0 0    : lda      006
  410 : 14e : 40 08 : 01  0 0    : sta.p    008
  411 : 150 : 80 ff : 01  0 0    : and.i    0ff
  412 : 152 : 08 08 : 01  0 0    : lda      008
  413 : 154 : 98 01 : 0a  0 0    : add.i    001
  414 : 156 : c0 08 : 0b  0 0    : sta      008
  415 : 158 : 80 ff : 0b  0 0    : and.i    0ff
  416 : 15a : 08 00 : 0b  0 0    : lda      000
  417 : 15c : 18 02 : 08  0 0    : add      002
  418 : 15e : c0 04 : 15  0 0    : sta      004
  419 : 160 : 08 01 : 15  0 0    : lda      001
  420 : 162 : 18 03 : 00  0 0    : add      003
  421 : 164 : c0 05 : 00  0 0    : sta      005
  422 : 166 : 08 04 : 00  0 0    : lda      004
  423 : 168 : 40 11 : 15  0 0    : sta.p    011
  424 : 16a : 80 ff : 15  0 0    : and.i    0ff
  425 : 16c : 08 11 : 15  0 0    : lda      011
  426 : 16e : 98 01 : 20  0 0    : add.i    001
  427 : 170 : c0 11 : 21  0 0    : sta      011
  428 : 172 : 08 05 : 21  0 0    : lda      005
  429 : 174 : 40 11 : 00  0 0    : sta.p    011
  430 : 176 : 80 ff : 00  0 0    : and.i    0ff
  431 : 178 : 08 11 : 00  0 0    : lda      011
  432 : 17a : 98 01 : 21  0 0    : add.i    001
  433 : 17c : c0 11 : 22  0 0    : sta      011
  434 : 17e : 08 02 : 22  0 0    : lda      002
  435 : 180 : c0 00 : 0d  0 0    : sta      000
  436 : 182 : 08 03 : 0d  0 0    : lda      003
  437 : 184 : c0 01 : 00  0 0    : sta      001
  438 : 186 : 08 04 : 00  0 0    : lda      004
  439 : 188 : c0 02 : 15  0 0    : sta      002
  440 : 18a : 08 05 : 15  0 0    : lda      005
  441 : 18c : c0 03 : 00  0 0    : sta      003
  442 : 18e : 88 01 : 00  0 0    : lda.i    001
  443 : 190 : f0 00 : 01  0 0    : lxa      000
  444 : 192 : 08 08 : 00  1 1    : lda      008
  445 : 194 : 9f fe : 0b  1 1    : add.i    7fe
  446 : 196 : c0 08 : 0a  1 1    : sta      008
  447 : 198 : 48 08 : 0a  1 1    : lda.p    008
  448 : 19a : c0 06 : 01  1 1    : sta      006
  449 : 19c : 88 01 : 01  1 1    : lda.i    001
  450 : 19e : f0 00 : 01  1 1    : lxa      000
  451 : 1a0 : 08 08 : 01  1 1    : lda      008
  452 : 1a2 : 9f fe : 0a  1 1    : add.i    7fe
  453 : 1a4 : c0 08 : 09  1 1    : sta      008
  454 : 1a6 : 08 06 : 09  1 1    : lda      006
  455 : 1a8 : f0 00 : 01  1 1    : lxa      000
  456 : 1aa : 48 08 : 01  1 1    : lda.p    008
  457 : 1ac : e8 00 : 30  1 1    : rts      000
  458 : 130 : 80 ff : 30  1 1    : and.i    0ff
  459 : 132 : 08 07 : 30  0 0    : lda      007
  460 : 134 : 98 01 : ef  0 0    : add.i    001
  461 : 136 : c0 07 : f0  0 0    : sta      007
  462 : 138 : d1 3c : f0  0 0    : jpz      13c
  463 : 13a : d9 2e : f0  0 0    : jp       12e
  464 : 12e : e1 3e : f0  0 0    : jsr      13e
  465 : 13e : 40 08 : 30  1 1    : sta.p    008
  466 : 140 : f0 00 : 30  1 1    : lxa      000
  467 : 142 : c0 06 : 01  0 0    : sta      006
  468 : 144 : 80 ff : 01  0 0    : and.i    0ff
  469 : 146 : 08 08 : 01  0 0    : lda      008
  470 : 148 : 98 01 : 09  0 0    : add.i    001
  471 : 14a : c0 08 : 0a  0 0    : sta      008
  472 : 14c : 08 06 : 0a  0 0    : lda      006
  473 : 14e : 40 08 : 01  0 0    : sta.p    008
  474 : 150 : 80 ff : 01  0 0    : and.i    0ff
  475 : 152 : 08 08 : 01  0 0    : lda      008
  476 : 154 : 98 01 : 0a  0 0    : add.i    001
  477 : 156 : c0 08 : 0b  0 0    : sta      008
  478 : 158 : 80 ff : 0b  0 0    : and.i    0ff
  479 : 15a : 08 00 : 0b  0 0    : lda      000
  480 : 15c : 18 02 : 0d  0 0    : add      002
  481 : 15e : c0 04 : 22  0 0    : sta      004
  482 : 160 : 08 01 : 22  0 0    : lda      001
  483 : 162 : 18 03 : 00  0 0    : add      003
  484 : 164 : c0 05 : 00  0 0    : sta      005
  485 : 166 : 08 04 : 00  0 0    : lda      004
  486 : 168 : 40 11 : 22  0 0    : sta.p    011
  487 : 16a : 80 ff : 22  0 0    : and.i    0ff
  488 : 16c : 08 11 : 22  0 0    : lda      011
  489 : 16e : 98 01 : 22  0 0    : add.i    001
  490 : 170 : c0 11 : 23  0 0    : sta      011
  491 : 172 : 08 05 : 23  0 0    : lda      005
  492 : 174 : 40 11 : 00  0 0    : sta.p    011
  493 : 176 : 80 ff : 00  0 0    : and.i    0ff
  494 : 178 : 08 11 : 00  0 0    : lda      011
  495 : 17a : 98 01 : 23  0 0    : add.i    001
  496 : 17c : c0 11 : 24  0 0    : sta      011
  497 : 17e : 08 02 : 24  0 0    : lda      002
  498 : 180 : c0 00 : 15  0 0    : sta      000
  499 : 182 : 08 03 : 15  0 0    : lda      003
  500 : 184 : c0 01 : 00  0 0    : sta      001
  501 : 186 : 08 04 : 00  0 0    : lda      004
  502 : 188 : c0 02 : 22  0 0    : sta      002
  503 : 18a : 08 05 : 22  0 0    : lda      005
  504 : 18c : c0 03 : 00  0 0    : sta      003
  505 : 18e : 88 01 : 00  0 0    : lda.i    001
  506 : 190 : f0 00 : 01  0 0    : lxa      000
  507 : 192 : 08 08 : 00  1 1    : lda      008
  508 : 194 : 9f fe : 0b  1 1    : add.i    7fe
  509 : 196 : c0 08 : 0a  1 1    : sta      008
  510 : 198 : 48 08 : 0a  1 1    : lda.p    008
  511 : 19a : c0 06 : 01  1 1    : sta      006
  512 : 19c : 88 01 : 01  1 1    : lda.i    001
  513 : 19e : f0 00 : 01  1 1    : lxa      000
  514 : 1a0 : 08 08 : 01  1 1    : lda      008
  515 : 1a2 : 9f fe : 0a  1 1    : add.i    7fe
  516 : 1a4 : c0 08 : 09  1 1    : sta      008
  517 : 1a6 : 08 06 : 09  1 1    : lda      006
  518 : 1a8 : f0 00 : 01  1 1    : lxa      000
  519 : 1aa : 48 08 : 01  1 1    : lda.p    008
  520 : 1ac : e8 00 : 30  1 1    : rts      000
  521 : 130 : 80 ff : 30  1 1    : and.i    0ff
  522 : 132 : 08 07 : 30  0 0    : lda      007
  523 : 134 : 98 01 : f0  0 0    : add.i    001
  524 : 136 : c0 07 : f1  0 0    : sta      007
  525 : 138 : d1 3c : f1  0 0    : jpz      13c
  526 : 13a : d9 2e : f1  0 0    : jp       12e
  527 : 12e : e1 3e : f1  0 0    : jsr      13e
  528 : 13e : 40 08 : 30  1 1    : sta.p    008
  529 : 140 : f0 00 : 30  1 1    : lxa      000
  530 : 142 : c0 06 : 01  0 0    : sta      006
  531 : 144 : 80 ff : 01  0 0    : and.i    0ff
  532 : 146 : 08 08 : 01  0 0    : lda      008
  533 : 148 : 98 01 : 09  0 0    : add.i    001
  534 : 14a : c0 08 : 0a  0 0    : sta      008
  535 : 14c : 08 06 : 0a  0 0    : lda      006
  536 : 14e : 40 08 : 01  0 0    : sta.p    008
  537 : 150 : 80 ff : 01  0 0    : and.i    0ff
  538 : 152 : 08 08 : 01  0 0    : lda      008
  539 : 154 : 98 01 : 0a  0 0    : add.i    001
  540 : 156 : c0 08 : 0b  0 0    : sta      008
  541 : 158 : 80 ff : 0b  0 0    : and.i    0ff
  542 : 15a : 08 00 : 0b  0 0    : lda      000
  543 : 15c : 18 02 : 15  0 0    : add      002
  544 : 15e : c0 04 : 37  0 0    : sta      004
  545 : 160 : 08 01 : 37  0 0    : lda      001
  546 : 162 : 18 03 : 00  0 0    : add      003
  547 : 164 : c0 05 : 00  0 0    : sta      005
  548 : 166 : 08 04 : 00  0 0    : lda      004
  549 : 168 : 40 11 : 37  0 0    : sta.p    011
  550 : 16a : 80 ff : 37  0 0    : and.i    0ff
  551 : 16c : 08 11 : 37  0 0    : lda      011
  552 : 16e : 98 01 : 24  0 0    : add.i    001
  553 : 170 : c0 11 : 25  0 0    : sta      011
  554 : 172 : 08 05 : 25  0 0    : lda      005
  555 : 174 : 40 11 : 00  0 0    : sta.p    011
  556 : 176 : 80 ff : 00  0 0    : and.i    0ff
  557 : 178 : 08 11 : 00  0 0    : lda      011
  558 : 17a : 98 01 : 25  0 0    : add.i    001
  559 : 17c : c0 11 : 26  0 0    : sta      011
  560 : 17e : 08 02 : 26  0 0    : lda      002
  561 : 180 : c0 00 : 22  0 0    : sta      000
  562 : 182 : 08 03 : 22  0 0    : lda      003
  563 : 184 : c0 01 : 00  0 0    : sta      001
  564 : 186 : 08 04 : 00  0 0    : lda      004
  565 : 188 : c0 02 : 37  0 0    : sta      002
  566 : 18a : 08 05 : 37  0 0    : lda      005
  567 : 18c : c0 03 : 00  0 0    : sta      003
  568 : 18e : 88 01 : 00  0 0    : lda.i    001
  569 : 190 : f0 00 : 01  0 0    : lxa      000
  570 : 192 : 08 08 : 00  1 1    : lda      008
  571 : 194 : 9f fe : 0b  1 1    : add.i    7fe
  572 : 196 : c0 08 : 0a  1 1    : sta      008
  573 : 198 : 48 08 : 0a  1 1    : lda.p    008
  574 : 19a : c0 06 : 01  1 1    : sta      006
  575 : 19c : 88 01 : 01  1 1    : lda.i    001
  576 : 19e : f0 00 : 01  1 1    : lxa      000
  577 : 1a0 : 08 08 : 01  1 1    : lda      008
  578 : 1a2 : 9f fe : 0a  1 1    : add.i    7fe
  579 : 1a4 : c0 08 : 09  1 1    : sta      008
  580 : 1a6 : 08 06 : 09  1 1    : lda      006
  581 : 1a8 : f0 00 : 01  1 1    : lxa      000
  582 : 1aa : 48 08 : 01  1 1    : lda.p    008
  583 : 1ac : e8 00 : 30  1 1    : rts      000
  584 : 130 : 80 ff : 30  1 1    : and.i    0ff
  585 : 132 : 08 07 : 30  0 0    : lda      007
  586 : 134 : 98 01 : f1  0 0    : add.i    001
  587 : 136 : c0 07 : f2  0 0    : sta      007
  588 : 138 : d1 3c : f2  0 0    : jpz      13c
  589 : 13a : d9 2e : f2  0 0    : jp       12e
  590 : 12e : e1 3e : f2  0 0    : jsr      13e
  591 : 13e : 40 08 : 30  1 1    : sta.p    008
  592 : 140 : f0 00 : 30  1 1    : lxa      000
  593 : 142 : c0 06 : 01  0 0    : sta      006
  594 : 144 : 80 ff : 01  0 0    : and.i    0ff
  595 : 146 : 08 08 : 01  0 0    : lda      008
  596 : 148 : 98 01 : 09  0 0    : add.i    001
  597 : 14a : c0 08 : 0a  0 0    : sta      008
  598 : 14c : 08 06 : 0a  0 0    : lda      006
  599 : 14e : 40 08 : 01  0 0    : sta.p    008
  600 : 150 : 80 ff : 01  0 0    : and.i    0ff
  601 : 152 : 08 08 : 01  0 0    : lda      008
  602 : 154 : 98 01 : 0a  0 0    : add.i    001
  603 : 156 : c0 08 : 0b  0 0    : sta      008
  604 : 158 : 80 ff : 0b  0 0    : and.i    0ff
  605 : 15a : 08 00 : 0b  0 0    : lda      000
  606 : 15c : 18 02 : 22  0 0    : add      002
  607 : 15e : c0 04 : 59  0 0    : sta      004
  608 : 160 : 08 01 : 59  0 0    : lda      001
  609 : 162 : 18 03 : 00  0 0    : add      003
  610 : 164 : c0 05 : 00  0 0    : sta      005
  611 : 166 : 08 04 : 00  0 0    : lda      004
  612 : 168 : 40 11 : 59  0 0    : sta.p    011
  613 : 16a : 80 ff : 59  0 0    : and.i    0ff
  614 : 16c : 08 11 : 59  0 0    : lda      011
  615 : 16e : 98 01 : 26  0 0    : add.i    001
  616 : 170 : c0 11 : 27  0 0    : sta      011
  617 : 172 : 08 05 : 27  0 0    : lda      005
  618 : 174 : 40 11 : 00  0 0    : sta.p    011
  619 : 176 : 80 ff : 00  0 0    : and.i    0ff
  620 : 178 : 08 11 : 00  0 0    : lda      011
  621 : 17a : 98 01 : 27  0 0    : add.i    001
  622 : 17c : c0 11 : 28  0 0    : sta      011
  623 : 17e : 08 02 : 28  0 0    : lda      002
  624 : 180 : c0 00 : 37  0 0    : sta      000
  625 : 182 : 08 03 : 37  0 0    : lda      003
  626 : 184 : c0 01 : 00  0 0    : sta      001
  627 : 186 : 08 04 : 00  0 0    : lda      004
  628 : 188 : c0 02 : 59  0 0    : sta      002
  629 : 18a : 08 05 : 59  0 0    : lda      005
  630 : 18c : c0 03 : 00  0 0    : sta      003
  631 : 18e : 88 01 : 00  0 0    : lda.i    001
  632 : 190 : f0 00 : 01  0 0    : lxa      000
  633 : 192 : 08 08 : 00  1 1    : lda      008
  634 : 194 : 9f fe : 0b  1 1    : add.i    7fe
  635 : 196 : c0 08 : 0a  1 1    : sta      008
  636 : 198 : 48 08 : 0a  1 1    : lda.p    008
  637 : 19a : c0 06 : 01  1 1    : sta      006
  638 : 19c : 88 01 : 01  1 1    : lda.i    001
  639 : 19e : f0 00 : 01  1 1    : lxa      000
  640 : 1a0 : 08 08 : 01  1 1    : lda      008
  641 : 1a2 : 9f fe : 0a  1 1    : add.i    7fe
  642 : 1a4 : c0 08 : 09  1 1    : sta      008
  643 : 1a6 : 08 06 : 09  1 1    : lda      006
  644 : 1a8 : f0 00 : 01  1 1    : lxa      000
  645 : 1aa : 48 08 : 01  1 1    : lda.p    008
  646 : 1ac : e8 00 : 30  1 1    : rts      000
  647 : 130 : 80 ff : 30  1 1    : and.i    0ff
  648 : 132 : 08 07 : 30  0 0    : lda      007
  649 : 134 : 98 01 : f2  0 0    : add.i    001
  650 : 136 : c0 07 : f3  0 0    : sta      007
  651 : 138 : d1 3c : f3  0 0    : jpz      13c
  652 : 13a : d9 2e : f3  0 0    : jp       12e
  653 : 12e : e1 3e : f3  0 0    : jsr      13e
  654 : 13e : 40 08 : 30  1 1    : sta.p    008
  655 : 140 : f0 00 : 30  1 1    : lxa      000
  656 : 142 : c0 06 : 01  0 0    : sta      006
  657 : 144 : 80 ff : 01  0 0    : and.i    0ff
  658 : 146 : 08 08 : 01  0 0    : lda      008
  659 : 148 : 98 01 : 09  0 0    : add.i    001
  660 : 14a : c0 08 : 0a  0 0    : sta      008
  661 : 14c : 08 06 : 0a  0 0    : lda      006
  662 : 14e : 40 08 : 01  0 0    : sta.p    008
  663 : 150 : 80 ff : 01  0 0    : and.i    0ff
  664 : 152 : 08 08 : 01  0 0    : lda      008
  665 : 154 : 98 01 : 0a  0 0    : add.i    001
  666 : 156 : c0 08 : 0b  0 0    : sta      008
  667 : 158 : 80 ff : 0b  0 0    : and.i    0ff
  668 : 15a : 08 00 : 0b  0 0    : lda      000
  669 : 15c : 18 02 : 37  0 0    : add      002
  670 : 15e : c0 04 : 90  0 0    : sta      004
  671 : 160 : 08 01 : 90  0 0    : lda      001
  672 : 162 : 18 03 : 00  0 0    : add      003
  673 : 164 : c0 05 : 00  0 0    : sta      005
  674 : 166 : 08 04 : 00  0 0    : lda      004
  675 : 168 : 40 11 : 90  0 0    : sta.p    011
  676 : 16a : 80 ff : 90  0 0    : and.i    0ff
  677 : 16c : 08 11 : 90  0 0    : lda      011
  678 : 16e : 98 01 : 28  0 0    : add.i    001
  679 : 170 : c0 11 : 29  0 0    : sta      011
  680 : 172 : 08 05 : 29  0 0    : lda      005
  681 : 174 : 40 11 : 00  0 0    : sta.p    011
  682 : 176 : 80 ff : 00  0 0    : and.i    0ff
  683 : 178 : 08 11 : 00  0 0    : lda      011
  684 : 17a : 98 01 : 29  0 0    : add.i    001
  685 : 17c : c0 11 : 2a  0 0    : sta      011
  686 : 17e : 08 02 : 2a  0 0    : lda      002
  687 : 180 : c0 00 : 59  0 0    : sta      000
  688 : 182 : 08 03 : 59  0 0    : lda      003
  689 : 184 : c0 01 : 00  0 0    : sta      001
  690 : 186 : 08 04 : 00  0 0    : lda      004
  691 : 188 : c0 02 : 90  0 0    : sta      002
  692 : 18a : 08 05 : 90  0 0    : lda      005
  693 : 18c : c0 03 : 00  0 0    : sta      003
  694 : 18e : 88 01 : 00  0 0    : lda.i    001
  695 : 190 : f0 00 : 01  0 0    : lxa      000
  696 : 192 : 08 08 : 00  1 1    : lda      008
  697 : 194 : 9f fe : 0b  1 1    : add.i    7fe
  698 : 196 : c0 08 : 0a  1 1    : sta      008
  699 : 198 : 48 08 : 0a  1 1    : lda.p    008
  700 : 19a : c0 06 : 01  1 1    : sta      006
  701 : 19c : 88 01 : 01  1 1    : lda.i    001
  702 : 19e : f0 00 : 01  1 1    : lxa      000
  703 : 1a0 : 08 08 : 01  1 1    : lda      008
  704 : 1a2 : 9f fe : 0a  1 1    : add.i    7fe
  705 : 1a4 : c0 08 : 09  1 1    : sta      008
  706 : 1a6 : 08 06 : 09  1 1    : lda      006
  707 : 1a8 : f0 00 : 01  1 1    : lxa      000
  708 : 1aa : 48 08 : 01  1 1    : lda.p    008
  709 : 1ac : e8 00 : 30  1 1    : rts      000
  710 : 130 : 80 ff : 30  1 1    : and.i    0ff
  711 : 132 : 08 07 : 30  0 0    : lda      007
  712 : 134 : 98 01 : f3  0 0    : add.i    001
  713 : 136 : c0 07 : f4  0 0    : sta      007
  714 : 138 : d1 3c : f4  0 0    : jpz      13c
  715 : 13a : d9 2e : f4  0 0    : jp       12e
  716 : 12e : e1 3e : f4  0 0    : jsr      13e
  717 : 13e : 40 08 : 30  1 1    : sta.p    008
  718 : 140 : f0 00 : 30  1 1    : lxa      000
  719 : 142 : c0 06 : 01  0 0    : sta      006
  720 : 144 : 80 ff : 01  0 0    : and.i    0ff
  721 : 146 : 08 08 : 01  0 0    : lda      008
  722 : 148 : 98 01 : 09  0 0    : add.i    001
  723 : 14a : c0 08 : 0a  0 0    : sta      008
  724 : 14c : 08 06 : 0a  0 0    : lda      006
  725 : 14e : 40 08 : 01  0 0    : sta.p    008
  726 : 150 : 80 ff : 01  0 0    : and.i    0ff
  727 : 152 : 08 08 : 01  0 0    : lda      008
  728 : 154 : 98 01 : 0a  0 0    : add.i    001
  729 : 156 : c0 08 : 0b  0 0    : sta      008
  730 : 158 : 80 ff : 0b  0 0    : and.i    0ff
  731 : 15a : 08 00 : 0b  0 0    : lda      000
  732 : 15c : 18 02 : 59  0 0    : add      002
  733 : 15e : c0 04 : e9  0 0    : sta      004
  734 : 160 : 08 01 : e9  0 0    : lda      001
  735 : 162 : 18 03 : 00  0 0    : add      003
  736 : 164 : c0 05 : 00  0 0    : sta      005
  737 : 166 : 08 04 : 00  0 0    : lda      004
  738 : 168 : 40 11 : e9  0 0    : sta.p    011
  739 : 16a : 80 ff : e9  0 0    : and.i    0ff
  740 : 16c : 08 11 : e9  0 0    : lda      011
  741 : 16e : 98 01 : 2a  0 0    : add.i    001
  742 : 170 : c0 11 : 2b  0 0    : sta      011
  743 : 172 : 08 05 : 2b  0 0    : lda      005
  744 : 174 : 40 11 : 00  0 0    : sta.p    011
  745 : 176 : 80 ff : 00  0 0    : and.i    0ff
  746 : 178 : 08 11 : 00  0 0    : lda      011
  747 : 17a : 98 01 : 2b  0 0    : add.i    001
  748 : 17c : c0 11 : 2c  0 0    : sta      011
  749 : 17e : 08 02 : 2c  0 0    : lda      002
  750 : 180 : c0 00 : 90  0 0    : sta      000
  751 : 182 : 08 03 : 90  0 0    : lda      003
  752 : 184 : c0 01 : 00  0 0    : sta      001
  753 : 186 : 08 04 : 00  0 0    : lda      004
  754 : 188 : c0 02 : e9  0 0    : sta      002
  755 : 18a : 08 05 : e9  0 0    : lda      005
  756 : 18c : c0 03 : 00  0 0    : sta      003
  757 : 18e : 88 01 : 00  0 0    : lda.i    001
  758 : 190 : f0 00 : 01  0 0    : lxa      000
  759 : 192 : 08 08 : 00  1 1    : lda      008
  760 : 194 : 9f fe : 0b  1 1    : add.i    7fe
  761 : 196 : c0 08 : 0a  1 1    : sta      008
  762 : 198 : 48 08 : 0a  1 1    : lda.p    008
  763 : 19a : c0 06 : 01  1 1    : sta      006
  764 : 19c : 88 01 : 01  1 1    : lda.i    001
  765 : 19e : f0 00 : 01  1 1    : lxa      000
  766 : 1a0 : 08 08 : 01  1 1    : lda      008
  767 : 1a2 : 9f fe : 0a  1 1    : add.i    7fe
  768 : 1a4 : c0 08 : 09  1 1    : sta      008
  769 : 1a6 : 08 06 : 09  1 1    : lda      006
  770 : 1a8 : f0 00 : 01  1 1    : lxa      000
  771 : 1aa : 48 08 : 01  1 1    : lda.p    008
  772 : 1ac : e8 00 : 30  1 1    : rts      000
  773 : 130 : 80 ff : 30  1 1    : and.i    0ff
  774 : 132 : 08 07 : 30  0 0    : lda      007
  775 : 134 : 98 01 : f4  0 0    : add.i    001
  776 : 136 : c0 07 : f5  0 0    : sta      007
  777 : 138 : d1 3c : f5  0 0    : jpz      13c
  778 : 13a : d9 2e : f5  0 0    : jp       12e
  779 : 12e : e1 3e : f5  0 0    : jsr      13e
  780 : 13e : 40 08 : 30  1 1    : sta.p    008
  781 : 140 : f0 00 : 30  1 1    : lxa      000
  782 : 142 : c0 06 : 01  0 0    : sta      006
  783 : 144 : 80 ff : 01  0 0    : and.i    0ff
  784 : 146 : 08 08 : 01  0 0    : lda      008
  785 : 148 : 98 01 : 09  0 0    : add.i    001
  786 : 14a : c0 08 : 0a  0 0    : sta      008
  787 : 14c : 08 06 : 0a  0 0    : lda      006
  788 : 14e : 40 08 : 01  0 0    : sta.p    008
  789 : 150 : 80 ff : 01  0 0    : and.i    0ff
  790 : 152 : 08 08 : 01  0 0    : lda      008
  791 : 154 : 98 01 : 0a  0 0    : add.i    001
  792 : 156 : c0 08 : 0b  0 0    : sta      008
  793 : 158 : 80 ff : 0b  0 0    : and.i    0ff
  794 : 15a : 08 00 : 0b  0 0    : lda      000
  795 : 15c : 18 02 : 90  0 0    : add      002
  796 : 15e : c0 04 : 79  1 1    : sta      004
  797 : 160 : 08 01 : 79  1 1    : lda      001
  798 : 162 : 18 03 : 00  1 1    : add      003
  799 : 164 : c0 05 : 01  0 0    : sta      005
  800 : 166 : 08 04 : 01  0 0    : lda      004
  801 : 168 : 40 11 : 79  0 0    : sta.p    011
  802 : 16a : 80 ff : 79  0 0    : and.i    0ff
  803 : 16c : 08 11 : 79  0 0    : lda      011
  804 : 16e : 98 01 : 2c  0 0    : add.i    001
  805 : 170 : c0 11 : 2d  0 0    : sta      011
  806 : 172 : 08 05 : 2d  0 0    : lda      005
  807 : 174 : 40 11 : 01  0 0    : sta.p    011
  808 : 176 : 80 ff : 01  0 0    : and.i    0ff
  809 : 178 : 08 11 : 01  0 0    : lda      011
  810 : 17a : 98 01 : 2d  0 0    : add.i    001
  811 : 17c : c0 11 : 2e  0 0    : sta      011
  812 : 17e : 08 02 : 2e  0 0    : lda      002
  813 : 180 : c0 00 : e9  0 0    : sta      000
  814 : 182 : 08 03 : e9  0 0    : lda      003
  815 : 184 : c0 01 : 00  0 0    : sta      001
  816 : 186 : 08 04 : 00  0 0    : lda      004
  817 : 188 : c0 02 : 79  0 0    : sta      002
  818 : 18a : 08 05 : 79  0 0    : lda      005
  819 : 18c : c0 03 : 01  0 0    : sta      003
  820 : 18e : 88 01 : 01  0 0    : lda.i    001
  821 : 190 : f0 00 : 01  0 0    : lxa      000
  822 : 192 : 08 08 : 00  1 1    : lda      008
  823 : 194 : 9f fe : 0b  1 1    : add.i    7fe
  824 : 196 : c0 08 : 0a  1 1    : sta      008
  825 : 198 : 48 08 : 0a  1 1    : lda.p    008
  826 : 19a : c0 06 : 01  1 1    : sta      006
  827 : 19c : 88 01 : 01  1 1    : lda.i    001
  828 : 19e : f0 00 : 01  1 1    : lxa      000
  829 : 1a0 : 08 08 : 01  1 1    : lda      008
  830 : 1a2 : 9f fe : 0a  1 1    : add.i    7fe
  831 : 1a4 : c0 08 : 09  1 1    : sta      008
  832 : 1a6 : 08 06 : 09  1 1    : lda      006
  833 : 1a8 : f0 00 : 01  1 1    : lxa      000
  834 : 1aa : 48 08 : 01  1 1    : lda.p    008
  835 : 1ac : e8 00 : 30  1 1    : rts      000
  836 : 130 : 80 ff : 30  1 1    : and.i    0ff
  837 : 132 : 08 07 : 30  0 0    : lda      007
  838 : 134 : 98 01 : f5  0 0    : add.i    001
  839 : 136 : c0 07 : f6  0 0    : sta      007
  840 : 138 : d1 3c : f6  0 0    : jpz      13c
  841 : 13a : d9 2e : f6  0 0    : jp       12e
  842 : 12e : e1 3e : f6  0 0    : jsr      13e
  843 : 13e : 40 08 : 30  1 1    : sta.p    008
  844 : 140 : f0 00 : 30  1 1    : lxa      000
  845 : 142 : c0 06 : 01  0 0    : sta      006
  846 : 144 : 80 ff : 01  0 0    : and.i    0ff
  847 : 146 : 08 08 : 01  0 0    : lda      008
  848 : 148 : 98 01 : 09  0 0    : add.i    001
  849 : 14a : c0 08 : 0a  0 0    : sta      008
  850 : 14c : 08 06 : 0a  0 0    : lda      006
  851 : 14e : 40 08 : 01  0 0    : sta.p    008
  852 : 150 : 80 ff : 01  0 0    : and.i    0ff
  853 : 152 : 08 08 : 01  0 0    : lda      008
  854 : 154 : 98 01 : 0a  0 0    : add.i    001
  855 : 156 : c0 08 : 0b  0 0    : sta      008
  856 : 158 : 80 ff : 0b  0 0    : and.i    0ff
  857 : 15a : 08 00 : 0b  0 0    : lda      000
  858 : 15c : 18 02 : e9  0 0    : add      002
  859 : 15e : c0 04 : 62  1 1    : sta      004
  860 : 160 : 08 01 : 62  1 1    : lda      001
  861 : 162 : 18 03 : 00  1 1    : add      003
  862 : 164 : c0 05 : 02  0 0    : sta      005
  863 : 166 : 08 04 : 02  0 0    : lda      004
  864 : 168 : 40 11 : 62  0 0    : sta.p    011
  865 : 16a : 80 ff : 62  0 0    : and.i    0ff
  866 : 16c : 08 11 : 62  0 0    : lda      011
  867 : 16e : 98 01 : 2e  0 0    : add.i    001
  868 : 170 : c0 11 : 2f  0 0    : sta      011
  869 : 172 : 08 05 : 2f  0 0    : lda      005
  870 : 174 : 40 11 : 02  0 0    : sta.p    011
  871 : 176 : 80 ff : 02  0 0    : and.i    0ff
  872 : 178 : 08 11 : 02  0 0    : lda      011
  873 : 17a : 98 01 : 2f  0 0    : add.i    001
  874 : 17c : c0 11 : 30  0 0    : sta      011
  875 : 17e : 08 02 : 30  0 0    : lda      002
  876 : 180 : c0 00 : 79  0 0    : sta      000
  877 : 182 : 08 03 : 79  0 0    : lda      003
  878 : 184 : c0 01 : 01  0 0    : sta      001
  879 : 186 : 08 04 : 01  0 0    : lda      004
  880 : 188 : c0 02 : 62  0 0    : sta      002
  881 : 18a : 08 05 : 62  0 0    : lda      005
  882 : 18c : c0 03 : 02  0 0    : sta      003
  883 : 18e : 88 01 : 02  0 0    : lda.i    001
  884 : 190 : f0 00 : 01  0 0    : lxa      000
  885 : 192 : 08 08 : 00  1 1    : lda      008
  886 : 194 : 9f fe : 0b  1 1    : add.i    7fe
  887 : 196 : c0 08 : 0a  1 1    : sta      008
  888 : 198 : 48 08 : 0a  1 1    : lda.p    008
  889 : 19a : c0 06 : 01  1 1    : sta      006
  890 : 19c : 88 01 : 01  1 1    : lda.i    001
  891 : 19e : f0 00 : 01  1 1    : lxa      000
  892 : 1a0 : 08 08 : 01  1 1    : lda      008
  893 : 1a2 : 9f fe : 0a  1 1    : add.i    7fe
  894 : 1a4 : c0 08 : 09  1 1    : sta      008
  895 : 1a6 : 08 06 : 09  1 1    : lda      006
  896 : 1a8 : f0 00 : 01  1 1    : lxa      000
  897 : 1aa : 48 08 : 01  1 1    : lda.p    008
  898 : 1ac : e8 00 : 30  1 1    : rts      000
  899 : 130 : 80 ff : 30  1 1    : and.i    0ff
  900 : 132 : 08 07 : 30  0 0    : lda      007
  901 : 134 : 98 01 : f6  0 0    : add.i    001
  902 : 136 : c0 07 : f7  0 0    : sta      007
  903 : 138 : d1 3c : f7  0 0    : jpz      13c
  904 : 13a : d9 2e : f7  0 0    : jp       12e
  905 : 12e : e1 3e : f7  0 0    : jsr      13e
  906 : 13e : 40 08 : 30  1 1    : sta.p    008
  907 : 140 : f0 00 : 30  1 1    : lxa      000
  908 : 142 : c0 06 : 01  0 0    : sta      006
  909 : 144 : 80 ff : 01  0 0    : and.i    0ff
  910 : 146 : 08 08 : 01  0 0    : lda      008
  911 : 148 : 98 01 : 09  0 0    : add.i    001
  912 : 14a : c0 08 : 0a  0 0    : sta      008
  913 : 14c : 08 06 : 0a  0 0    : lda      006
  914 : 14e : 40 08 : 01  0 0    : sta.p    008
  915 : 150 : 80 ff : 01  0 0    : and.i    0ff
  916 : 152 : 08 08 : 01  0 0    : lda      008
  917 : 154 : 98 01 : 0a  0 0    : add.i    001
  918 : 156 : c0 08 : 0b  0 0    : sta      008
  919 : 158 : 80 ff : 0b  0 0    : and.i    0ff
  920 : 15a : 08 00 : 0b  0 0    : lda      000
  921 : 15c : 18 02 : 79  0 0    : add      002
  922 : 15e : c0 04 : db  0 0    : sta      004
  923 : 160 : 08 01 : db  0 0    : lda      001
  924 : 162 : 18 03 : 01  0 0    : add      003
  925 : 164 : c0 05 : 03  0 0    : sta      005
  926 : 166 : 08 04 : 03  0 0    : lda      004
  927 : 168 : 40 11 : db  0 0    : sta.p    011
  928 : 16a : 80 ff : db  0 0    : and.i    0ff
  929 : 16c : 08 11 : db  0 0    : lda      011
  930 : 16e : 98 01 : 30  0 0    : add.i    001
  931 : 170 : c0 11 : 31  0 0    : sta      011
  932 : 172 : 08 05 : 31  0 0    : lda      005
  933 : 174 : 40 11 : 03  0 0    : sta.p    011
  934 : 176 : 80 ff : 03  0 0    : and.i    0ff
  935 : 178 : 08 11 : 03  0 0    : lda      011
  936 : 17a : 98 01 : 31  0 0    : add.i    001
  937 : 17c : c0 11 : 32  0 0    : sta      011
  938 : 17e : 08 02 : 32  0 0    : lda      002
  939 : 180 : c0 00 : 62  0 0    : sta      000
  940 : 182 : 08 03 : 62  0 0    : lda      003
  941 : 184 : c0 01 : 02  0 0    : sta      001
  942 : 186 : 08 04 : 02  0 0    : lda      004
  943 : 188 : c0 02 : db  0 0    : sta      002
  944 : 18a : 08 05 : db  0 0    : lda      005
  945 : 18c : c0 03 : 03  0 0    : sta      003
  946 : 18e : 88 01 : 03  0 0    : lda.i    001
  947 : 190 : f0 00 : 01  0 0    : lxa      000
  948 : 192 : 08 08 : 00  1 1    : lda      008
  949 : 194 : 9f fe : 0b  1 1    : add.i    7fe
  950 : 196 : c0 08 : 0a  1 1    : sta      008
  951 : 198 : 48 08 : 0a  1 1    : lda.p    008
  952 : 19a : c0 06 : 01  1 1    : sta      006
  953 : 19c : 88 01 : 01  1 1    : lda.i    001
  954 : 19e : f0 00 : 01  1 1    : lxa      000
  955 : 1a0 : 08 08 : 01  1 1    : lda      008
  956 : 1a2 : 9f fe : 0a  1 1    : add.i    7fe
  957 : 1a4 : c0 08 : 09  1 1    : sta      008
  958 : 1a6 : 08 06 : 09  1 1    : lda      006
  959 : 1a8 : f0 00 : 01  1 1    : lxa      000
  960 : 1aa : 48 08 : 01  1 1    : lda.p    008
  961 : 1ac : e8 00 : 30  1 1    : rts      000
  962 : 130 : 80 ff : 30  1 1    : and.i    0ff
  963 : 132 : 08 07 : 30  0 0    : lda      007
  964 : 134 : 98 01 : f7  0 0    : add.i    001
  965 : 136 : c0 07 : f8  0 0    : sta      007
  966 : 138 : d1 3c : f8  0 0    : jpz      13c
  967 : 13a : d9 2e : f8  0 0    : jp       12e
  968 : 12e : e1 3e : f8  0 0    : jsr      13e
  969 : 13e : 40 08 : 30  1 1    : sta.p    008
  970 : 140 : f0 00 : 30  1 1    : lxa      000
  971 : 142 : c0 06 : 01  0 0    : sta      006
  972 : 144 : 80 ff : 01  0 0    : and.i    0ff
  973 : 146 : 08 08 : 01  0 0    : lda      008
  974 : 148 : 98 01 : 09  0 0    : add.i    001
  975 : 14a : c0 08 : 0a  0 0    : sta      008
  976 : 14c : 08 06 : 0a  0 0    : lda      006
  977 : 14e : 40 08 : 01  0 0    : sta.p    008
  978 : 150 : 80 ff : 01  0 0    : and.i    0ff
  979 : 152 : 08 08 : 01  0 0    : lda      008
  980 : 154 : 98 01 : 0a  0 0    : add.i    001
  981 : 156 : c0 08 : 0b  0 0    : sta      008
  982 : 158 : 80 ff : 0b  0 0    : and.i    0ff
  983 : 15a : 08 00 : 0b  0 0    : lda      000
  984 : 15c : 18 02 : 62  0 0    : add      002
  985 : 15e : c0 04 : 3d  1 1    : sta      004
  986 : 160 : 08 01 : 3d  1 1    : lda      001
  987 : 162 : 18 03 : 02  1 1    : add      003
  988 : 164 : c0 05 : 06  0 0    : sta      005
  989 : 166 : 08 04 : 06  0 0    : lda      004
  990 : 168 : 40 11 : 3d  0 0    : sta.p    011
  991 : 16a : 80 ff : 3d  0 0    : and.i    0ff
  992 : 16c : 08 11 : 3d  0 0    : lda      011
  993 : 16e : 98 01 : 32  0 0    : add.i    001
  994 : 170 : c0 11 : 33  0 0    : sta      011
  995 : 172 : 08 05 : 33  0 0    : lda      005
  996 : 174 : 40 11 : 06  0 0    : sta.p    011
  997 : 176 : 80 ff : 06  0 0    : and.i    0ff
  998 : 178 : 08 11 : 06  0 0    : lda      011
  999 : 17a : 98 01 : 33  0 0    : add.i    001
 1000 : 17c : c0 11 : 34  0 0    : sta      011
 1001 : 17e : 08 02 : 34  0 0    : lda      002
 1002 : 180 : c0 00 : db  0 0    : sta      000
 1003 : 182 : 08 03 : db  0 0    : lda      003
 1004 : 184 : c0 01 : 03  0 0    : sta      001
 1005 : 186 : 08 04 : 03  0 0    : lda      004
 1006 : 188 : c0 02 : 3d  0 0    : sta      002
 1007 : 18a : 08 05 : 3d  0 0    : lda      005
 1008 : 18c : c0 03 : 06  0 0    : sta      003
 1009 : 18e : 88 01 : 06  0 0    : lda.i    001
 1010 : 190 : f0 00 : 01  0 0    : lxa      000
 1011 : 192 : 08 08 : 00  1 1    : lda      008
 1012 : 194 : 9f fe : 0b  1 1    : add.i    7fe
 1013 : 196 : c0 08 : 0a  1 1    : sta      008
 1014 : 198 : 48 08 : 0a  1 1    : lda.p    008
 1015 : 19a : c0 06 : 01  1 1    : sta      006
 1016 : 19c : 88 01 : 01  1 1    : lda.i    001
 1017 : 19e : f0 00 : 01  1 1    : lxa      000
 1018 : 1a0 : 08 08 : 01  1 1    : lda      008
 1019 : 1a2 : 9f fe : 0a  1 1    : add.i    7fe
 1020 : 1a4 : c0 08 : 09  1 1    : sta      008
 1021 : 1a6 : 08 06 : 09  1 1    : lda      006
 1022 : 1a8 : f0 00 : 01  1 1    : lxa      000
 1023 : 1aa : 48 08 : 01  1 1    : lda.p    008
 1024 : 1ac : e8 00 : 30  1 1    : rts      000
 1025 : 130 : 80 ff : 30  1 1    : and.i    0ff
 1026 : 132 : 08 07 : 30  0 0    : lda      007
 1027 : 134 : 98 01 : f8  0 0    : add.i    001
 1028 : 136 : c0 07 : f9  0 0    : sta      007
 1029 : 138 : d1 3c : f9  0 0    : jpz      13c
 1030 : 13a : d9 2e : f9  0 0    : jp       12e
 1031 : 12e : e1 3e : f9  0 0    : jsr      13e
 1032 : 13e : 40 08 : 30  1 1    : sta.p    008
 1033 : 140 : f0 00 : 30  1 1    : lxa      000
 1034 : 142 : c0 06 : 01  0 0    : sta      006
 1035 : 144 : 80 ff : 01  0 0    : and.i    0ff
 1036 : 146 : 08 08 : 01  0 0    : lda      008
 1037 : 148 : 98 01 : 09  0 0    : add.i    001
 1038 : 14a : c0 08 : 0a  0 0    : sta      008
 1039 : 14c : 08 06 : 0a  0 0    : lda      006
 1040 : 14e : 40 08 : 01  0 0    : sta.p    008
 1041 : 150 : 80 ff : 01  0 0    : and.i    0ff
 1042 : 152 : 08 08 : 01  0 0    : lda      008
 1043 : 154 : 98 01 : 0a  0 0    : add.i    001
 1044 : 156 : c0 08 : 0b  0 0    : sta      008
 1045 : 158 : 80 ff : 0b  0 0    : and.i    0ff
 1046 : 15a : 08 00 : 0b  0 0    : lda      000
 1047 : 15c : 18 02 : db  0 0    : add      002
 1048 : 15e : c0 04 : 18  1 1    : sta      004
 1049 : 160 : 08 01 : 18  1 1    : lda      001
 1050 : 162 : 18 03 : 03  1 1    : add      003
 1051 : 164 : c0 05 : 0a  0 0    : sta      005
 1052 : 166 : 08 04 : 0a  0 0    : lda      004
 1053 : 168 : 40 11 : 18  0 0    : sta.p    011
 1054 : 16a : 80 ff : 18  0 0    : and.i    0ff
 1055 : 16c : 08 11 : 18  0 0    : lda      011
 1056 : 16e : 98 01 : 34  0 0    : add.i    001
 1057 : 170 : c0 11 : 35  0 0    : sta      011
 1058 : 172 : 08 05 : 35  0 0    : lda      005
 1059 : 174 : 40 11 : 0a  0 0    : sta.p    011
 1060 : 176 : 80 ff : 0a  0 0    : and.i    0ff
 1061 : 178 : 08 11 : 0a  0 0    : lda      011
 1062 : 17a : 98 01 : 35  0 0    : add.i    001
 1063 : 17c : c0 11 : 36  0 0    : sta      011
 1064 : 17e : 08 02 : 36  0 0    : lda      002
 1065 : 180 : c0 00 : 3d  0 0    : sta      000
 1066 : 182 : 08 03 : 3d  0 0    : lda      003
 1067 : 184 : c0 01 : 06  0 0    : sta      001
 1068 : 186 : 08 04 : 06  0 0    : lda      004
 1069 : 188 : c0 02 : 18  0 0    : sta      002
 1070 : 18a : 08 05 : 18  0 0    : lda      005
 1071 : 18c : c0 03 : 0a  0 0    : sta      003
 1072 : 18e : 88 01 : 0a  0 0    : lda.i    001
 1073 : 190 : f0 00 : 01  0 0    : lxa      000
 1074 : 192 : 08 08 : 00  1 1    : lda      008
 1075 : 194 : 9f fe : 0b  1 1    : add.i    7fe
 1076 : 196 : c0 08 : 0a  1 1    : sta      008
 1077 : 198 : 48 08 : 0a  1 1    : lda.p    008
 1078 : 19a : c0 06 : 01  1 1    : sta      006
 1079 : 19c : 88 01 : 01  1 1    : lda.i    001
 1080 : 19e : f0 00 : 01  1 1    : lxa      000
 1081 : 1a0 : 08 08 : 01  1 1    : lda      008
 1082 : 1a2 : 9f fe : 0a  1 1    : add.i    7fe
 1083 : 1a4 : c0 08 : 09  1 1    : sta      008
 1084 : 1a6 : 08 06 : 09  1 1    : lda      006
 1085 : 1a8 : f0 00 : 01  1 1    : lxa      000
 1086 : 1aa : 48 08 : 01  1 1    : lda.p    008
 1087 : 1ac : e8 00 : 30  1 1    : rts      000
 1088 : 130 : 80 ff : 30  1 1    : and.i    0ff
 1089 : 132 : 08 07 : 30  0 0    : lda      007
 1090 : 134 : 98 01 : f9  0 0    : add.i    001
 1091 : 136 : c0 07 : fa  0 0    : sta      007
 1092 : 138 : d1 3c : fa  0 0    : jpz      13c
 1093 : 13a : d9 2e : fa  0 0    : jp       12e
 1094 : 12e : e1 3e : fa  0 0    : jsr      13e
 1095 : 13e : 40 08 : 30  1 1    : sta.p    008
 1096 : 140 : f0 00 : 30  1 1    : lxa      000
 1097 : 142 : c0 06 : 01  0 0    : sta      006
 1098 : 144 : 80 ff : 01  0 0    : and.i    0ff
 1099 : 146 : 08 08 : 01  0 0    : lda      008
 1100 : 148 : 98 01 : 09  0 0    : add.i    001
 1101 : 14a : c0 08 : 0a  0 0    : sta      008
 1102 : 14c : 08 06 : 0a  0 0    : lda      006
 1103 : 14e : 40 08 : 01  0 0    : sta.p    008
 1104 : 150 : 80 ff : 01  0 0    : and.i    0ff
 1105 : 152 : 08 08 : 01  0 0    : lda      008
 1106 : 154 : 98 01 : 0a  0 0    : add.i    001
 1107 : 156 : c0 08 : 0b  0 0    : sta      008
 1108 : 158 : 80 ff : 0b  0 0    : and.i    0ff
 1109 : 15a : 08 00 : 0b  0 0    : lda      000
 1110 : 15c : 18 02 : 3d  0 0    : add      002
 1111 : 15e : c0 04 : 55  0 0    : sta      004
 1112 : 160 : 08 01 : 55  0 0    : lda      001
 1113 : 162 : 18 03 : 06  0 0    : add      003
 1114 : 164 : c0 05 : 10  0 0    : sta      005
 1115 : 166 : 08 04 : 10  0 0    : lda      004
 1116 : 168 : 40 11 : 55  0 0    : sta.p    011
 1117 : 16a : 80 ff : 55  0 0    : and.i    0ff
 1118 : 16c : 08 11 : 55  0 0    : lda      011
 1119 : 16e : 98 01 : 36  0 0    : add.i    001
 1120 : 170 : c0 11 : 37  0 0    : sta      011
 1121 : 172 : 08 05 : 37  0 0    : lda      005
 1122 : 174 : 40 11 : 10  0 0    : sta.p    011
 1123 : 176 : 80 ff : 10  0 0    : and.i    0ff
 1124 : 178 : 08 11 : 10  0 0    : lda      011
 1125 : 17a : 98 01 : 37  0 0    : add.i    001
 1126 : 17c : c0 11 : 38  0 0    : sta      011
 1127 : 17e : 08 02 : 38  0 0    : lda      002
 1128 : 180 : c0 00 : 18  0 0    : sta      000
 1129 : 182 : 08 03 : 18  0 0    : lda      003
 1130 : 184 : c0 01 : 0a  0 0    : sta      001
 1131 : 186 : 08 04 : 0a  0 0    : lda      004
 1132 : 188 : c0 02 : 55  0 0    : sta      002
 1133 : 18a : 08 05 : 55  0 0    : lda      005
 1134 : 18c : c0 03 : 10  0 0    : sta      003
 1135 : 18e : 88 01 : 10  0 0    : lda.i    001
 1136 : 190 : f0 00 : 01  0 0    : lxa      000
 1137 : 192 : 08 08 : 00  1 1    : lda      008
 1138 : 194 : 9f fe : 0b  1 1    : add.i    7fe
 1139 : 196 : c0 08 : 0a  1 1    : sta      008
 1140 : 198 : 48 08 : 0a  1 1    : lda.p    008
 1141 : 19a : c0 06 : 01  1 1    : sta      006
 1142 : 19c : 88 01 : 01  1 1    : lda.i    001
 1143 : 19e : f0 00 : 01  1 1    : lxa      000
 1144 : 1a0 : 08 08 : 01  1 1    : lda      008
 1145 : 1a2 : 9f fe : 0a  1 1    : add.i    7fe
 1146 : 1a4 : c0 08 : 09  1 1    : sta      008
 1147 : 1a6 : 08 06 : 09  1 1    : lda      006
 1148 : 1a8 : f0 00 : 01  1 1    : lxa      000
 1149 : 1aa : 48 08 : 01  1 1    : lda.p    008
 1150 : 1ac : e8 00 : 30  1 1    : rts      000
 1151 : 130 : 80 ff : 30  1 1    : and.i    0ff
 1152 : 132 : 08 07 : 30  0 0    : lda      007
 1153 : 134 : 98 01 : fa  0 0    : add.i    001
 1154 : 136 : c0 07 : fb  0 0    : sta      007
 1155 : 138 : d1 3c : fb  0 0    : jpz      13c
 1156 : 13a : d9 2e : fb  0 0    : jp       12e
 1157 : 12e : e1 3e : fb  0 0    : jsr      13e
 1158 : 13e : 40 08 : 30  1 1    : sta.p    008
 1159 : 140 : f0 00 : 30  1 1    : lxa      000
 1160 : 142 : c0 06 : 01  0 0    : sta      006
 1161 : 144 : 80 ff : 01  0 0    : and.i    0ff
 1162 : 146 : 08 08 : 01  0 0    : lda      008
 1163 : 148 : 98 01 : 09  0 0    : add.i    001
 1164 : 14a : c0 08 : 0a  0 0    : sta      008
 1165 : 14c : 08 06 : 0a  0 0    : lda      006
 1166 : 14e : 40 08 : 01  0 0    : sta.p    008
 1167 : 150 : 80 ff : 01  0 0    : and.i    0ff
 1168 : 152 : 08 08 : 01  0 0    : lda      008
 1169 : 154 : 98 01 : 0a  0 0    : add.i    001
 1170 : 156 : c0 08 : 0b  0 0    : sta      008
 1171 : 158 : 80 ff : 0b  0 0    : and.i    0ff
 1172 : 15a : 08 00 : 0b  0 0    : lda      000
 1173 : 15c : 18 02 : 18  0 0    : add      002
 1174 : 15e : c0 04 : 6d  0 0    : sta      004
 1175 : 160 : 08 01 : 6d  0 0    : lda      001
 1176 : 162 : 18 03 : 0a  0 0    : add      003
 1177 : 164 : c0 05 : 1a  0 0    : sta      005
 1178 : 166 : 08 04 : 1a  0 0    : lda      004
 1179 : 168 : 40 11 : 6d  0 0    : sta.p    011
 1180 : 16a : 80 ff : 6d  0 0    : and.i    0ff
 1181 : 16c : 08 11 : 6d  0 0    : lda      011
 1182 : 16e : 98 01 : 38  0 0    : add.i    001
 1183 : 170 : c0 11 : 39  0 0    : sta      011
 1184 : 172 : 08 05 : 39  0 0    : lda      005
 1185 : 174 : 40 11 : 1a  0 0    : sta.p    011
 1186 : 176 : 80 ff : 1a  0 0    : and.i    0ff
 1187 : 178 : 08 11 : 1a  0 0    : lda      011
 1188 : 17a : 98 01 : 39  0 0    : add.i    001
 1189 : 17c : c0 11 : 3a  0 0    : sta      011
 1190 : 17e : 08 02 : 3a  0 0    : lda      002
 1191 : 180 : c0 00 : 55  0 0    : sta      000
 1192 : 182 : 08 03 : 55  0 0    : lda      003
 1193 : 184 : c0 01 : 10  0 0    : sta      001
 1194 : 186 : 08 04 : 10  0 0    : lda      004
 1195 : 188 : c0 02 : 6d  0 0    : sta      002
 1196 : 18a : 08 05 : 6d  0 0    : lda      005
 1197 : 18c : c0 03 : 1a  0 0    : sta      003
 1198 : 18e : 88 01 : 1a  0 0    : lda.i    001
 1199 : 190 : f0 00 : 01  0 0    : lxa      000
 1200 : 192 : 08 08 : 00  1 1    : lda      008
 1201 : 194 : 9f fe : 0b  1 1    : add.i    7fe
 1202 : 196 : c0 08 : 0a  1 1    : sta      008
 1203 : 198 : 48 08 : 0a  1 1    : lda.p    008
 1204 : 19a : c0 06 : 01  1 1    : sta      006
 1205 : 19c : 88 01 : 01  1 1    : lda.i    001
 1206 : 19e : f0 00 : 01  1 1    : lxa      000
 1207 : 1a0 : 08 08 : 01  1 1    : lda      008
 1208 : 1a2 : 9f fe : 0a  1 1    : add.i    7fe
 1209 : 1a4 : c0 08 : 09  1 1    : sta      008
 1210 : 1a6 : 08 06 : 09  1 1    : lda      006
 1211 : 1a8 : f0 00 : 01  1 1    : lxa      000
 1212 : 1aa : 48 08 : 01  1 1    : lda.p    008
 1213 : 1ac : e8 00 : 30  1 1    : rts      000
 1214 : 130 : 80 ff : 30  1 1    : and.i    0ff
 1215 : 132 : 08 07 : 30  0 0    : lda      007
 1216 : 134 : 98 01 : fb  0 0    : add.i    001
 1217 : 136 : c0 07 : fc  0 0    : sta      007
 1218 : 138 : d1 3c : fc  0 0    : jpz      13c
 1219 : 13a : d9 2e : fc  0 0    : jp       12e
 1220 : 12e : e1 3e : fc  0 0    : jsr      13e
 1221 : 13e : 40 08 : 30  1 1    : sta.p    008
 1222 : 140 : f0 00 : 30  1 1    : lxa      000
 1223 : 142 : c0 06 : 01  0 0    : sta      006
 1224 : 144 : 80 ff : 01  0 0    : and.i    0ff
 1225 : 146 : 08 08 : 01  0 0    : lda      008
 1226 : 148 : 98 01 : 09  0 0    : add.i    001
 1227 : 14a : c0 08 : 0a  0 0    : sta      008
 1228 : 14c : 08 06 : 0a  0 0    : lda      006
 1229 : 14e : 40 08 : 01  0 0    : sta.p    008
 1230 : 150 : 80 ff : 01  0 0    : and.i    0ff
 1231 : 152 : 08 08 : 01  0 0    : lda      008
 1232 : 154 : 98 01 : 0a  0 0    : add.i    001
 1233 : 156 : c0 08 : 0b  0 0    : sta      008
 1234 : 158 : 80 ff : 0b  0 0    : and.i    0ff
 1235 : 15a : 08 00 : 0b  0 0    : lda      000
 1236 : 15c : 18 02 : 55  0 0    : add      002
 1237 : 15e : c0 04 : c2  0 0    : sta      004
 1238 : 160 : 08 01 : c2  0 0    : lda      001
 1239 : 162 : 18 03 : 10  0 0    : add      003
 1240 : 164 : c0 05 : 2a  0 0    : sta      005
 1241 : 166 : 08 04 : 2a  0 0    : lda      004
 1242 : 168 : 40 11 : c2  0 0    : sta.p    011
 1243 : 16a : 80 ff : c2  0 0    : and.i    0ff
 1244 : 16c : 08 11 : c2  0 0    : lda      011
 1245 : 16e : 98 01 : 3a  0 0    : add.i    001
 1246 : 170 : c0 11 : 3b  0 0    : sta      011
 1247 : 172 : 08 05 : 3b  0 0    : lda      005
 1248 : 174 : 40 11 : 2a  0 0    : sta.p    011
 1249 : 176 : 80 ff : 2a  0 0    : and.i    0ff
 1250 : 178 : 08 11 : 2a  0 0    : lda      011
 1251 : 17a : 98 01 : 3b  0 0    : add.i    001
 1252 : 17c : c0 11 : 3c  0 0    : sta      011
 1253 : 17e : 08 02 : 3c  0 0    : lda      002
 1254 : 180 : c0 00 : 6d  0 0    : sta      000
 1255 : 182 : 08 03 : 6d  0 0    : lda      003
 1256 : 184 : c0 01 : 1a  0 0    : sta      001
 1257 : 186 : 08 04 : 1a  0 0    : lda      004
 1258 : 188 : c0 02 : c2  0 0    : sta      002
 1259 : 18a : 08 05 : c2  0 0    : lda      005
 1260 : 18c : c0 03 : 2a  0 0    : sta      003
 1261 : 18e : 88 01 : 2a  0 0    : lda.i    001
 1262 : 190 : f0 00 : 01  0 0    : lxa      000
 1263 : 192 : 08 08 : 00  1 1    : lda      008
 1264 : 194 : 9f fe : 0b  1 1    : add.i    7fe
 1265 : 196 : c0 08 : 0a  1 1    : sta      008
 1266 : 198 : 48 08 : 0a  1 1    : lda.p    008
 1267 : 19a : c0 06 : 01  1 1    : sta      006
 1268 : 19c : 88 01 : 01  1 1    : lda.i    001
 1269 : 19e : f0 00 : 01  1 1    : lxa      000
 1270 : 1a0 : 08 08 : 01  1 1    : lda      008
 1271 : 1a2 : 9f fe : 0a  1 1    : add.i    7fe
 1272 : 1a4 : c0 08 : 09  1 1    : sta      008
 1273 : 1a6 : 08 06 : 09  1 1    : lda      006
 1274 : 1a8 : f0 00 : 01  1 1    : lxa      000
 1275 : 1aa : 48 08 : 01  1 1    : lda.p    008
 1276 : 1ac : e8 00 : 30  1 1    : rts      000
 1277 : 130 : 80 ff : 30  1 1    : and.i    0ff
 1278 : 132 : 08 07 : 30  0 0    : lda      007
 1279 : 134 : 98 01 : fc  0 0    : add.i    001
 1280 : 136 : c0 07 : fd  0 0    : sta      007
 1281 : 138 : d1 3c : fd  0 0    : jpz      13c
 1282 : 13a : d9 2e : fd  0 0    : jp       12e
 1283 : 12e : e1 3e : fd  0 0    : jsr      13e
 1284 : 13e : 40 08 : 30  1 1    : sta.p    008
 1285 : 140 : f0 00 : 30  1 1    : lxa      000
 1286 : 142 : c0 06 : 01  0 0    : sta      006
 1287 : 144 : 80 ff : 01  0 0    : and.i    0ff
 1288 : 146 : 08 08 : 01  0 0    : lda      008
 1289 : 148 : 98 01 : 09  0 0    : add.i    001
 1290 : 14a : c0 08 : 0a  0 0    : sta      008
 1291 : 14c : 08 06 : 0a  0 0    : lda      006
 1292 : 14e : 40 08 : 01  0 0    : sta.p    008
 1293 : 150 : 80 ff : 01  0 0    : and.i    0ff
 1294 : 152 : 08 08 : 01  0 0    : lda      008
 1295 : 154 : 98 01 : 0a  0 0    : add.i    001
 1296 : 156 : c0 08 : 0b  0 0    : sta      008
 1297 : 158 : 80 ff : 0b  0 0    : and.i    0ff
 1298 : 15a : 08 00 : 0b  0 0    : lda      000
 1299 : 15c : 18 02 : 6d  0 0    : add      002
 1300 : 15e : c0 04 : 2f  1 1    : sta      004
 1301 : 160 : 08 01 : 2f  1 1    : lda      001
 1302 : 162 : 18 03 : 1a  1 1    : add      003
 1303 : 164 : c0 05 : 45  0 0    : sta      005
 1304 : 166 : 08 04 : 45  0 0    : lda      004
 1305 : 168 : 40 11 : 2f  0 0    : sta.p    011
 1306 : 16a : 80 ff : 2f  0 0    : and.i    0ff
 1307 : 16c : 08 11 : 2f  0 0    : lda      011
 1308 : 16e : 98 01 : 3c  0 0    : add.i    001
 1309 : 170 : c0 11 : 3d  0 0    : sta      011
 1310 : 172 : 08 05 : 3d  0 0    : lda      005
 1311 : 174 : 40 11 : 45  0 0    : sta.p    011
 1312 : 176 : 80 ff : 45  0 0    : and.i    0ff
 1313 : 178 : 08 11 : 45  0 0    : lda      011
 1314 : 17a : 98 01 : 3d  0 0    : add.i    001
 1315 : 17c : c0 11 : 3e  0 0    : sta      011
 1316 : 17e : 08 02 : 3e  0 0    : lda      002
 1317 : 180 : c0 00 : c2  0 0    : sta      000
 1318 : 182 : 08 03 : c2  0 0    : lda      003
 1319 : 184 : c0 01 : 2a  0 0    : sta      001
 1320 : 186 : 08 04 : 2a  0 0    : lda      004
 1321 : 188 : c0 02 : 2f  0 0    : sta      002
 1322 : 18a : 08 05 : 2f  0 0    : lda      005
 1323 : 18c : c0 03 : 45  0 0    : sta      003
 1324 : 18e : 88 01 : 45  0 0    : lda.i    001
 1325 : 190 : f0 00 : 01  0 0    : lxa      000
 1326 : 192 : 08 08 : 00  1 1    : lda      008
 1327 : 194 : 9f fe : 0b  1 1    : add.i    7fe
 1328 : 196 : c0 08 : 0a  1 1    : sta      008
 1329 : 198 : 48 08 : 0a  1 1    : lda.p    008
 1330 : 19a : c0 06 : 01  1 1    : sta      006
 1331 : 19c : 88 01 : 01  1 1    : lda.i    001
 1332 : 19e : f0 00 : 01  1 1    : lxa      000
 1333 : 1a0 : 08 08 : 01  1 1    : lda      008
 1334 : 1a2 : 9f fe : 0a  1 1    : add.i    7fe
 1335 : 1a4 : c0 08 : 09  1 1    : sta      008
 1336 : 1a6 : 08 06 : 09  1 1    : lda      006
 1337 : 1a8 : f0 00 : 01  1 1    : lxa      000
 1338 : 1aa : 48 08 : 01  1 1    : lda.p    008
 1339 : 1ac : e8 00 : 30  1 1    : rts      000
 1340 : 130 : 80 ff : 30  1 1    : and.i    0ff
 1341 : 132 : 08 07 : 30  0 0    : lda      007
 1342 : 134 : 98 01 : fd  0 0    : add.i    001
 1343 : 136 : c0 07 : fe  0 0    : sta      007
 1344 : 138 : d1 3c : fe  0 0    : jpz      13c
 1345 : 13a : d9 2e : fe  0 0    : jp       12e
 1346 : 12e : e1 3e : fe  0 0    : jsr      13e
 1347 : 13e : 40 08 : 30  1 1    : sta.p    008
 1348 : 140 : f0 00 : 30  1 1    : lxa      000
 1349 : 142 : c0 06 : 01  0 0    : sta      006
 1350 : 144 : 80 ff : 01  0 0    : and.i    0ff
 1351 : 146 : 08 08 : 01  0 0    : lda      008
 1352 : 148 : 98 01 : 09  0 0    : add.i    001
 1353 : 14a : c0 08 : 0a  0 0    : sta      008
 1354 : 14c : 08 06 : 0a  0 0    : lda      006
 1355 : 14e : 40 08 : 01  0 0    : sta.p    008
 1356 : 150 : 80 ff : 01  0 0    : and.i    0ff
 1357 : 152 : 08 08 : 01  0 0    : lda      008
 1358 : 154 : 98 01 : 0a  0 0    : add.i    001
 1359 : 156 : c0 08 : 0b  0 0    : sta      008
 1360 : 158 : 80 ff : 0b  0 0    : and.i    0ff
 1361 : 15a : 08 00 : 0b  0 0    : lda      000
 1362 : 15c : 18 02 : c2  0 0    : add      002
 1363 : 15e : c0 04 : f1  0 0    : sta      004
 1364 : 160 : 08 01 : f1  0 0    : lda      001
 1365 : 162 : 18 03 : 2a  0 0    : add      003
 1366 : 164 : c0 05 : 6f  0 0    : sta      005
 1367 : 166 : 08 04 : 6f  0 0    : lda      004
 1368 : 168 : 40 11 : f1  0 0    : sta.p    011
 1369 : 16a : 80 ff : f1  0 0    : and.i    0ff
 1370 : 16c : 08 11 : f1  0 0    : lda      011
 1371 : 16e : 98 01 : 3e  0 0    : add.i    001
 1372 : 170 : c0 11 : 3f  0 0    : sta      011
 1373 : 172 : 08 05 : 3f  0 0    : lda      005
 1374 : 174 : 40 11 : 6f  0 0    : sta.p    011
 1375 : 176 : 80 ff : 6f  0 0    : and.i    0ff
 1376 : 178 : 08 11 : 6f  0 0    : lda      011
 1377 : 17a : 98 01 : 3f  0 0    : add.i    001
 1378 : 17c : c0 11 : 40  0 0    : sta      011
 1379 : 17e : 08 02 : 40  0 0    : lda      002
 1380 : 180 : c0 00 : 2f  0 0    : sta      000
 1381 : 182 : 08 03 : 2f  0 0    : lda      003
 1382 : 184 : c0 01 : 45  0 0    : sta      001
 1383 : 186 : 08 04 : 45  0 0    : lda      004
 1384 : 188 : c0 02 : f1  0 0    : sta      002
 1385 : 18a : 08 05 : f1  0 0    : lda      005
 1386 : 18c : c0 03 : 6f  0 0    : sta      003
 1387 : 18e : 88 01 : 6f  0 0    : lda.i    001
 1388 : 190 : f0 00 : 01  0 0    : lxa      000
 1389 : 192 : 08 08 : 00  1 1    : lda      008
 1390 : 194 : 9f fe : 0b  1 1    : add.i    7fe
 1391 : 196 : c0 08 : 0a  1 1    : sta      008
 1392 : 198 : 48 08 : 0a  1 1    : lda.p    008
 1393 : 19a : c0 06 : 01  1 1    : sta      006
 1394 : 19c : 88 01 : 01  1 1    : lda.i    001
 1395 : 19e : f0 00 : 01  1 1    : lxa      000
 1396 : 1a0 : 08 08 : 01  1 1    : lda      008
 1397 : 1a2 : 9f fe : 0a  1 1    : add.i    7fe
 1398 : 1a4 : c0 08 : 09  1 1    : sta      008
 1399 : 1a6 : 08 06 : 09  1 1    : lda      006
 1400 : 1a8 : f0 00 : 01  1 1    : lxa      000
 1401 : 1aa : 48 08 : 01  1 1    : lda.p    008
 1402 : 1ac : e8 00 : 30  1 1    : rts      000
 1403 : 130 : 80 ff : 30  1 1    : and.i    0ff
 1404 : 132 : 08 07 : 30  0 0    : lda      007
 1405 : 134 : 98 01 : fe  0 0    : add.i    001
 1406 : 136 : c0 07 : ff  0 0    : sta      007
 1407 : 138 : d1 3c : ff  0 0    : jpz      13c
 1408 : 13a : d9 2e : ff  0 0    : jp       12e
 1409 : 12e : e1 3e : ff  0 0    : jsr      13e
 1410 : 13e : 40 08 : 30  1 1    : sta.p    008
 1411 : 140 : f0 00 : 30  1 1    : lxa      000
 1412 : 142 : c0 06 : 01  0 0    : sta      006
 1413 : 144 : 80 ff : 01  0 0    : and.i    0ff
 1414 : 146 : 08 08 : 01  0 0    : lda      008
 1415 : 148 : 98 01 : 09  0 0    : add.i    001
 1416 : 14a : c0 08 : 0a  0 0    : sta      008
 1417 : 14c : 08 06 : 0a  0 0    : lda      006
 1418 : 14e : 40 08 : 01  0 0    : sta.p    008
 1419 : 150 : 80 ff : 01  0 0    : and.i    0ff
 1420 : 152 : 08 08 : 01  0 0    : lda      008
 1421 : 154 : 98 01 : 0a  0 0    : add.i    001
 1422 : 156 : c0 08 : 0b  0 0    : sta      008
 1423 : 158 : 80 ff : 0b  0 0    : and.i    0ff
 1424 : 15a : 08 00 : 0b  0 0    : lda      000
 1425 : 15c : 18 02 : 2f  0 0    : add      002
 1426 : 15e : c0 04 : 20  1 1    : sta      004
 1427 : 160 : 08 01 : 20  1 1    : lda      001
 1428 : 162 : 18 03 : 45  1 1    : add      003
 1429 : 164 : c0 05 : b5  0 0    : sta      005
 1430 : 166 : 08 04 : b5  0 0    : lda      004
 1431 : 168 : 40 11 : 20  0 0    : sta.p    011
 1432 : 16a : 80 ff : 20  0 0    : and.i    0ff
 1433 : 16c : 08 11 : 20  0 0    : lda      011
 1434 : 16e : 98 01 : 40  0 0    : add.i    001
 1435 : 170 : c0 11 : 41  0 0    : sta      011
 1436 : 172 : 08 05 : 41  0 0    : lda      005
 1437 : 174 : 40 11 : b5  0 0    : sta.p    011
 1438 : 176 : 80 ff : b5  0 0    : and.i    0ff
 1439 : 178 : 08 11 : b5  0 0    : lda      011
 1440 : 17a : 98 01 : 41  0 0    : add.i    001
 1441 : 17c : c0 11 : 42  0 0    : sta      011
 1442 : 17e : 08 02 : 42  0 0    : lda      002
 1443 : 180 : c0 00 : f1  0 0    : sta      000
 1444 : 182 : 08 03 : f1  0 0    : lda      003
 1445 : 184 : c0 01 : 6f  0 0    : sta      001
 1446 : 186 : 08 04 : 6f  0 0    : lda      004
 1447 : 188 : c0 02 : 20  0 0    : sta      002
 1448 : 18a : 08 05 : 20  0 0    : lda      005
 1449 : 18c : c0 03 : b5  0 0    : sta      003
 1450 : 18e : 88 01 : b5  0 0    : lda.i    001
 1451 : 190 : f0 00 : 01  0 0    : lxa      000
 1452 : 192 : 08 08 : 00  1 1    : lda      008
 1453 : 194 : 9f fe : 0b  1 1    : add.i    7fe
 1454 : 196 : c0 08 : 0a  1 1    : sta      008
 1455 : 198 : 48 08 : 0a  1 1    : lda.p    008
 1456 : 19a : c0 06 : 01  1 1    : sta      006
 1457 : 19c : 88 01 : 01  1 1    : lda.i    001
 1458 : 19e : f0 00 : 01  1 1    : lxa      000
 1459 : 1a0 : 08 08 : 01  1 1    : lda      008
 1460 : 1a2 : 9f fe : 0a  1 1    : add.i    7fe
 1461 : 1a4 : c0 08 : 09  1 1    : sta      008
 1462 : 1a6 : 08 06 : 09  1 1    : lda      006
 1463 : 1a8 : f0 00 : 01  1 1    : lxa      000
 1464 : 1aa : 48 08 : 01  1 1    : lda.p    008
 1465 : 1ac : e8 00 : 30  1 1    : rts      000
 1466 : 130 : 80 ff : 30  1 1    : and.i    0ff
 1467 : 132 : 08 07 : 30  0 0    : lda      007
 1468 : 134 : 98 01 : ff  0 0    : add.i    001
 1469 : 136 : c0 07 : 00  1 1    : sta      007
 1470 : 138 : d1 3c : 00  1 1    : jpz      13c
 1471 : 13c : f8 00 : 00  1 1    : halt     000
Done!